{"/workspaces/telegram-transmission-bot/src/lib/fileTree.ts": {"path":"/workspaces/telegram-transmission-bot/src/lib/fileTree.ts","all":false,"statementMap":{"0":{"start":{"line":1,"column":0},"end":{"line":1,"column":26}},"1":{"start":{"line":2,"column":0},"end":{"line":2,"column":41}},"2":{"start":{"line":3,"column":0},"end":{"line":3,"column":56}},"3":{"start":{"line":4,"column":0},"end":{"line":4,"column":0}},"4":{"start":{"line":5,"column":0},"end":{"line":5,"column":39}},"5":{"start":{"line":6,"column":0},"end":{"line":6,"column":0}},"6":{"start":{"line":7,"column":0},"end":{"line":7,"column":20}},"7":{"start":{"line":8,"column":0},"end":{"line":8,"column":17}},"8":{"start":{"line":9,"column":0},"end":{"line":9,"column":24}},"9":{"start":{"line":10,"column":0},"end":{"line":10,"column":27}},"10":{"start":{"line":11,"column":0},"end":{"line":11,"column":25}},"11":{"start":{"line":12,"column":0},"end":{"line":12,"column":1}},"12":{"start":{"line":13,"column":0},"end":{"line":13,"column":0}},"13":{"start":{"line":14,"column":0},"end":{"line":14,"column":90}},"14":{"start":{"line":15,"column":0},"end":{"line":15,"column":33}},"15":{"start":{"line":16,"column":0},"end":{"line":16,"column":24}},"16":{"start":{"line":17,"column":0},"end":{"line":17,"column":14}},"17":{"start":{"line":18,"column":0},"end":{"line":18,"column":31}},"18":{"start":{"line":19,"column":0},"end":{"line":19,"column":39}},"19":{"start":{"line":20,"column":0},"end":{"line":20,"column":33}},"20":{"start":{"line":21,"column":0},"end":{"line":21,"column":24}},"21":{"start":{"line":22,"column":0},"end":{"line":22,"column":40}},"22":{"start":{"line":23,"column":0},"end":{"line":23,"column":27}},"23":{"start":{"line":24,"column":0},"end":{"line":24,"column":15}},"24":{"start":{"line":25,"column":0},"end":{"line":25,"column":29}},"25":{"start":{"line":26,"column":0},"end":{"line":26,"column":9}},"26":{"start":{"line":27,"column":0},"end":{"line":27,"column":65}},"27":{"start":{"line":28,"column":0},"end":{"line":28,"column":59}},"28":{"start":{"line":29,"column":0},"end":{"line":29,"column":20}},"29":{"start":{"line":30,"column":0},"end":{"line":30,"column":23}},"30":{"start":{"line":31,"column":0},"end":{"line":31,"column":45}},"31":{"start":{"line":32,"column":0},"end":{"line":32,"column":46}},"32":{"start":{"line":33,"column":0},"end":{"line":33,"column":17}},"33":{"start":{"line":34,"column":0},"end":{"line":34,"column":48}},"34":{"start":{"line":35,"column":0},"end":{"line":35,"column":46}},"35":{"start":{"line":36,"column":0},"end":{"line":36,"column":27}},"36":{"start":{"line":37,"column":0},"end":{"line":37,"column":11}},"37":{"start":{"line":38,"column":0},"end":{"line":38,"column":0}},"38":{"start":{"line":39,"column":0},"end":{"line":39,"column":18}},"39":{"start":{"line":40,"column":0},"end":{"line":40,"column":5}},"40":{"start":{"line":41,"column":0},"end":{"line":41,"column":0}},"41":{"start":{"line":42,"column":0},"end":{"line":42,"column":17}},"42":{"start":{"line":43,"column":0},"end":{"line":43,"column":1}},"43":{"start":{"line":44,"column":0},"end":{"line":44,"column":0}},"44":{"start":{"line":45,"column":0},"end":{"line":45,"column":56}},"45":{"start":{"line":46,"column":0},"end":{"line":46,"column":16}},"46":{"start":{"line":47,"column":0},"end":{"line":47,"column":24}},"47":{"start":{"line":48,"column":0},"end":{"line":48,"column":29}},"48":{"start":{"line":49,"column":0},"end":{"line":49,"column":28}},"49":{"start":{"line":50,"column":0},"end":{"line":50,"column":38}},"50":{"start":{"line":51,"column":0},"end":{"line":51,"column":13}},"51":{"start":{"line":52,"column":0},"end":{"line":52,"column":35}},"52":{"start":{"line":53,"column":0},"end":{"line":53,"column":27}},"53":{"start":{"line":54,"column":0},"end":{"line":54,"column":63}},"54":{"start":{"line":55,"column":0},"end":{"line":55,"column":40}},"55":{"start":{"line":56,"column":0},"end":{"line":56,"column":28}},"56":{"start":{"line":57,"column":0},"end":{"line":57,"column":18}},"57":{"start":{"line":58,"column":0},"end":{"line":58,"column":13}},"58":{"start":{"line":59,"column":0},"end":{"line":59,"column":37}},"59":{"start":{"line":60,"column":0},"end":{"line":60,"column":59}},"60":{"start":{"line":61,"column":0},"end":{"line":61,"column":13}},"61":{"start":{"line":62,"column":0},"end":{"line":62,"column":36}},"62":{"start":{"line":63,"column":0},"end":{"line":63,"column":10}},"63":{"start":{"line":64,"column":0},"end":{"line":64,"column":22}},"64":{"start":{"line":65,"column":0},"end":{"line":65,"column":1}},"65":{"start":{"line":66,"column":0},"end":{"line":66,"column":0}},"66":{"start":{"line":67,"column":0},"end":{"line":67,"column":87}},"67":{"start":{"line":68,"column":0},"end":{"line":68,"column":57}},"68":{"start":{"line":69,"column":0},"end":{"line":69,"column":1}}},"s":{"0":1,"1":1,"2":1,"3":1,"4":1,"5":1,"6":1,"7":1,"8":1,"9":1,"10":1,"11":1,"12":1,"13":1,"14":2,"15":2,"16":2,"17":2,"18":12,"19":12,"20":6,"21":6,"22":6,"23":6,"24":6,"25":6,"26":12,"27":12,"28":12,"29":12,"30":12,"31":12,"32":12,"33":12,"34":2,"35":2,"36":12,"37":12,"38":12,"39":12,"40":2,"41":2,"42":2,"43":1,"44":1,"45":1,"46":1,"47":9,"48":9,"49":5,"50":5,"51":9,"52":9,"53":9,"54":9,"55":9,"56":9,"57":9,"58":9,"59":6,"60":6,"61":9,"62":9,"63":1,"64":1,"65":1,"66":1,"67":0,"68":0},"branchMap":{"0":{"type":"branch","line":14,"loc":{"start":{"line":14,"column":7},"end":{"line":43,"column":1}},"locations":[{"start":{"line":14,"column":7},"end":{"line":43,"column":1}}]},"1":{"type":"branch","line":18,"loc":{"start":{"line":18,"column":30},"end":{"line":40,"column":5}},"locations":[{"start":{"line":18,"column":30},"end":{"line":40,"column":5}}]},"2":{"type":"branch","line":20,"loc":{"start":{"line":20,"column":32},"end":{"line":26,"column":9}},"locations":[{"start":{"line":20,"column":32},"end":{"line":26,"column":9}}]},"3":{"type":"branch","line":34,"loc":{"start":{"line":34,"column":28},"end":{"line":34,"column":48}},"locations":[{"start":{"line":34,"column":28},"end":{"line":34,"column":48}}]},"4":{"type":"branch","line":34,"loc":{"start":{"line":34,"column":16},"end":{"line":34,"column":28}},"locations":[{"start":{"line":34,"column":16},"end":{"line":34,"column":28}}]},"5":{"type":"branch","line":34,"loc":{"start":{"line":34,"column":16},"end":{"line":36,"column":27}},"locations":[{"start":{"line":34,"column":16},"end":{"line":36,"column":27}}]},"6":{"type":"branch","line":14,"loc":{"start":{"line":14,"column":89},"end":{"line":14,"column":90}},"locations":[{"start":{"line":14,"column":89},"end":{"line":14,"column":90}}]},"7":{"type":"branch","line":45,"loc":{"start":{"line":45,"column":7},"end":{"line":65,"column":1}},"locations":[{"start":{"line":45,"column":7},"end":{"line":65,"column":1}}]},"8":{"type":"branch","line":47,"loc":{"start":{"line":47,"column":13},"end":{"line":63,"column":10}},"locations":[{"start":{"line":47,"column":13},"end":{"line":63,"column":10}}]},"9":{"type":"branch","line":49,"loc":{"start":{"line":49,"column":27},"end":{"line":51,"column":13}},"locations":[{"start":{"line":49,"column":27},"end":{"line":51,"column":13}}]},"10":{"type":"branch","line":54,"loc":{"start":{"line":54,"column":28},"end":{"line":54,"column":63}},"locations":[{"start":{"line":54,"column":28},"end":{"line":54,"column":63}}]},"11":{"type":"branch","line":59,"loc":{"start":{"line":59,"column":36},"end":{"line":61,"column":13}},"locations":[{"start":{"line":59,"column":36},"end":{"line":61,"column":13}}]}},"b":{"0":[2],"1":[12],"2":[6],"3":[10],"4":[10],"5":[2],"6":[0],"7":[1],"8":[9],"9":[5],"10":[0],"11":[6]},"fnMap":{"0":{"name":"parseFilesList","decl":{"start":{"line":14,"column":7},"end":{"line":43,"column":1}},"loc":{"start":{"line":14,"column":7},"end":{"line":43,"column":1}},"line":14},"1":{"name":"renderNodes","decl":{"start":{"line":45,"column":7},"end":{"line":65,"column":1}},"loc":{"start":{"line":45,"column":7},"end":{"line":65,"column":1}},"line":45},"2":{"name":"renderFilesList","decl":{"start":{"line":67,"column":7},"end":{"line":69,"column":1}},"loc":{"start":{"line":67,"column":7},"end":{"line":69,"column":1}},"line":67}},"f":{"0":2,"1":1,"2":0}}
}
