TN:
SF:src/lib/fileTree.ts
FN:14,parseFilesList
FN:45,renderNodes
FN:67,renderFilesList
FNF:3
FNH:2
FNDA:2,parseFilesList
FNDA:1,renderNodes
FNDA:0,renderFilesList
DA:1,1
DA:2,1
DA:3,1
DA:4,1
DA:5,1
DA:6,1
DA:7,1
DA:8,1
DA:9,1
DA:10,1
DA:11,1
DA:12,1
DA:13,1
DA:14,1
DA:15,2
DA:16,2
DA:17,2
DA:18,2
DA:19,12
DA:20,12
DA:21,6
DA:22,6
DA:23,6
DA:24,6
DA:25,6
DA:26,6
DA:27,12
DA:28,12
DA:29,12
DA:30,12
DA:31,12
DA:32,12
DA:33,12
DA:34,12
DA:35,2
DA:36,2
DA:37,12
DA:38,12
DA:39,12
DA:40,12
DA:41,2
DA:42,2
DA:43,2
DA:44,1
DA:45,1
DA:46,1
DA:47,1
DA:48,9
DA:49,9
DA:50,5
DA:51,5
DA:52,9
DA:53,9
DA:54,9
DA:55,9
DA:56,9
DA:57,9
DA:58,9
DA:59,9
DA:60,6
DA:61,6
DA:62,9
DA:63,9
DA:64,1
DA:65,1
DA:66,1
DA:67,1
DA:68,0
DA:69,0
LF:69
LH:67
BRDA:14,0,0,2
BRDA:18,1,0,12
BRDA:20,2,0,6
BRDA:34,3,0,10
BRDA:34,4,0,10
BRDA:34,5,0,2
BRDA:14,6,0,0
BRDA:45,7,0,1
BRDA:47,8,0,9
BRDA:49,9,0,5
BRDA:54,10,0,0
BRDA:59,11,0,6
BRF:12
BRH:10
end_of_record
